<?xml version="1.0" encoding="UTF-8"?>
<!-- Generated by org.testng.reporters.JUnitReportReporter -->
<testsuite hostname="FRWLONWD1022" failures="0" tests="1" name="guru99.gittest.AppTest" time="6.324" errors="0" timestamp="31 Aug 2018 10:54:29 GMT" skipped="0">
  <testcase classname="guru99.gittest.AppTest" name="guru99Tutorials" time="6.324"/>
</testsuite> <!-- guru99.gittest.AppTest -->
